#
# A fatal error has been detected by the Java Runtime Environment:
#
#  EXCEPTION_ACCESS_VIOLATION (0xc0000005) at pc=0x00007ff8f3ea1699, pid=21900, tid=21960
#
# JRE version:  (13.0.2+8) (build )
# Java VM: Java HotSpot(TM) 64-Bit Server VM (13.0.2+8, mixed mode, aot, tiered, compressed oops, g1 gc, windows-amd64)
# Problematic frame:
# C  [VCRUNTIME140.dll+0x1699]
#
# No core dump will be written. Minidumps are not enabled by default on client versions of Windows
#
# If you would like to submit a bug report, please visit:
#   http://bugreport.java.com/bugreport/crash.jsp
#

---------------  S U M M A R Y ------------

Command Line: -Dfile.encoding=Cp1252 View.Trial

Host: Intel(R) Core(TM) i7-8550U CPU @ 1.80GHz, 8 cores, 11G,  Windows 10 , 64 bit Build 18362 (10.0.18362.900)
Time: Thu Jun 25 18:37:24 2020 Egypt Standard Time elapsed time: 0 seconds (0d 0h 0m 0s)

---------------  T H R E A D  ---------------

Current thread (0x00000176a052c000):  JavaThread "Unknown thread" [_thread_in_vm, id=21960, stack(0x000000035b300000,0x000000035b400000)]

Stack: [0x000000035b300000,0x000000035b400000],  sp=0x000000035b3ff200,  free space=1020k
Native frames: (J=compiled Java code, j=interpreted, Vv=VM code, C=native code)
C  [VCRUNTIME140.dll+0x1699]
V  [jvm.dll+0x6119d9]
V  [jvm.dll+0x76d238]
V  [jvm.dll+0x76c6a0]
V  [jvm.dll+0x5d0804]
V  [jvm.dll+0x5d1771]
V  [jvm.dll+0x74ddd5]
V  [jvm.dll+0x361989]
V  [jvm.dll+0x730e65]
V  [jvm.dll+0x3cc53f]
V  [jvm.dll+0x3ce861]
C  [jli.dll+0x51ff]
C  [ucrtbase.dll+0x20e82]
C  [KERNEL32.DLL+0x17bd4]
C  [ntdll.dll+0x6ce51]


siginfo: EXCEPTION_ACCESS_VIOLATION (0xc0000005), writing address 0x0000000000000000


Registers:
RAX=0x0000000000000000, RBX=0x00000176a0581cf0, RCX=0x0000000000020000, RDX=0x0000000000000000
RSP=0x000000035b3ff200, RBP=0x0000000000000001, RSI=0x00000176a0581cf0, RDI=0x0000000000000000
R8 =0x0000000000020000, R9 =0x0000000000000000, R10=0x0000000000000013, R11=0x0000000000000000
R12=0x0000000800000000, R13=0x000001769e31c3d0, R14=0x0000000000000000, R15=0x0000000000000000
RIP=0x00007ff8f3ea1699, EFLAGS=0x0000000000010203

Top of Stack: (sp=0x000000035b3ff200)
0x000000035b3ff200:   0000000000000000 00007ff8c99519d9
0x000000035b3ff210:   0000000000000001 00000176a0581cf0
0x000000035b3ff220:   00000176a0581cf0 0000000000000000
0x000000035b3ff230:   000001769e3fef00 00007ff8c9aad238
0x000000035b3ff240:   000001769e3fef00 000001769e3fef00
0x000000035b3ff250:   0000000000000000 0000000000000000
0x000000035b3ff260:   0000000800000000 0000000040000000
0x000000035b3ff270:   0000000000000000 0000000000010000
0x000000035b3ff280:   ffffffff00000200 0000000000000200
0x000000035b3ff290:   00000176a051db60 00007ff8c9aac6a0
0x000000035b3ff2a0:   000000035b3ff370 000001769e3fef00
0x000000035b3ff2b0:   00000176c18d26b0 0000000000000000
0x000000035b3ff2c0:   000001769e3257d8 00007ff8c9910804
0x000000035b3ff2d0:   0000000800000000 000000035b3ff3d0
0x000000035b3ff2e0:   0000000000000000 0000000040000000
0x000000035b3ff2f0:   0000000800000000 0000000000000000 

Instructions: (pc=0x00007ff8f3ea1699)
0x00007ff8f3ea1599:   ff ff 0f 1f 44 00 00 49 03 c8 0f 10 44 11 f0 48
0x00007ff8f3ea15a9:   83 e9 10 49 83 e8 10 f6 c1 0f 74 17 48 8b c1 48
0x00007ff8f3ea15b9:   83 e1 f0 0f 10 c8 0f 10 04 11 0f 11 08 4c 8b c1
0x00007ff8f3ea15c9:   4d 2b c3 4d 8b c8 49 c1 e9 07 74 68 0f 29 01 eb
0x00007ff8f3ea15d9:   0d 66 0f 1f 44 00 00 0f 29 41 10 0f 29 09 0f 10
0x00007ff8f3ea15e9:   44 11 f0 0f 10 4c 11 e0 48 81 e9 80 00 00 00 0f
0x00007ff8f3ea15f9:   29 41 70 0f 29 49 60 0f 10 44 11 50 0f 10 4c 11
0x00007ff8f3ea1609:   40 49 ff c9 0f 29 41 50 0f 29 49 40 0f 10 44 11
0x00007ff8f3ea1619:   30 0f 10 4c 11 20 0f 29 41 30 0f 29 49 20 0f 10
0x00007ff8f3ea1629:   44 11 10 0f 10 0c 11 75 ae 0f 29 41 10 49 83 e0
0x00007ff8f3ea1639:   7f 0f 28 c1 4d 8b c8 49 c1 e9 04 74 1a 66 66 0f
0x00007ff8f3ea1649:   1f 84 00 00 00 00 00 0f 11 01 48 83 e9 10 0f 10
0x00007ff8f3ea1659:   04 11 49 ff c9 75 f0 49 83 e0 0f 74 08 41 0f 10
0x00007ff8f3ea1669:   0a 41 0f 11 0b 0f 11 01 49 8b c3 c3 cc cc cc cc
0x00007ff8f3ea1679:   cc cc cc cc cc cc cc cc cc cc cc cc cc 66 66 0f
0x00007ff8f3ea1689:   1f 84 00 00 00 00 00 57 8b c2 48 8b f9 49 8b c8
0x00007ff8f3ea1699:   f3 aa 49 8b c3 5f c3 cc cc cc cc cc cc 66 66 0f
0x00007ff8f3ea16a9:   1f 84 00 00 00 00 00 4c 8b d9 0f b6 d2 49 b9 01
0x00007ff8f3ea16b9:   01 01 01 01 01 01 01 4c 0f af ca 49 83 f8 10 0f
0x00007ff8f3ea16c9:   86 f2 00 00 00 66 49 0f 6e c1 66 0f 60 c0 49 81
0x00007ff8f3ea16d9:   f8 80 00 00 00 77 10 0f ba 25 c4 fc 00 00 02 0f
0x00007ff8f3ea16e9:   83 62 00 00 00 eb a0 0f ba 25 b4 fc 00 00 01 72
0x00007ff8f3ea16f9:   96 0f 11 01 4c 03 c1 48 83 c1 10 48 83 e1 f0 4c
0x00007ff8f3ea1709:   2b c1 4d 8b c8 49 c1 e9 07 74 3c 66 66 66 66 0f
0x00007ff8f3ea1719:   1f 84 00 00 00 00 00 0f 29 01 0f 29 41 10 48 81
0x00007ff8f3ea1729:   c1 80 00 00 00 0f 29 41 a0 0f 29 41 b0 49 ff c9
0x00007ff8f3ea1739:   0f 29 41 c0 0f 29 41 d0 0f 29 41 e0 66 0f 29 41
0x00007ff8f3ea1749:   f0 75 d4 49 83 e0 7f 4d 8b c8 49 c1 e9 04 74 13
0x00007ff8f3ea1759:   0f 1f 80 00 00 00 00 0f 11 01 48 83 c1 10 49 ff
0x00007ff8f3ea1769:   c9 75 f4 49 83 e0 0f 74 06 42 0f 11 44 01 f0 49
0x00007ff8f3ea1779:   8b c3 c3 ee 17 00 00 eb 17 00 00 17 18 00 00 e7
0x00007ff8f3ea1789:   17 00 00 f4 17 00 00 04 18 00 00 14 18 00 00 e4 



---------------  P R O C E S S  ---------------

Threads class SMR info:
_java_thread_list=0x00007ff8c9dfccb8, length=0, elements={
}

Java Threads: ( => current thread )

Other Threads:
  0x00000176a0583000 GCTaskThread "GC Thread#0" [stack: 0x000000035b400000,0x000000035b500000] [id=21964]
  0x00000176a059c800 ConcurrentGCThread "G1 Main Marker" [stack: 0x000000035b500000,0x000000035b600000] [id=21968]
  0x00000176a05a3000 ConcurrentGCThread "G1 Conc#0" [stack: 0x000000035b600000,0x000000035b700000] [id=21972]
  0x00000176c18ce000 ConcurrentGCThread "G1 Refine#0" [stack: 0x0000000000000000,0x0000000000000000]
  0x00000176c18d0000 ConcurrentGCThread "G1 Young RemSet Sampling" [stack: 0x000000035b700000,0x000000035b800000] [id=21980]

=>0x00000176a052c000 (exited) JavaThread "Unknown thread" [_thread_in_vm, id=21960, stack(0x000000035b300000,0x000000035b400000)]

Threads with active compile tasks:

VM state:not at safepoint (not fully initialized)

VM Mutex/Monitor currently owned by a thread:  ([mutex/lock_event])
[0x00000176a051db60] MetaspaceExpand_lock - owner thread: 0x00000176a052c000

Heap address: 0x0000000742800000, size: 3032 MB, Compressed Oops mode: Zero based, Oop shift amount: 3
Narrow klass base: 0x0000000800000000, Narrow klass shift: 0

GC Heap History (0 events):
No events

Deoptimization events (0 events):
No events

Classes unloaded (0 events):
No events

Classes redefined (0 events):
No events

Internal exceptions (0 events):
No events

Events (8 events):
Event: 0.006 Loaded shared library C:\Program Files\Java\jdk-13.0.2\bin\zip.dll
Event: 0.006 Loaded shared library C:\Program Files\Java\jdk-13.0.2\bin\jimage.dll
Event: 0.007 Loading shared library C:\Program Files\Java\jdk-13.0.2\lib\libjava.base-coop.dll failed, error code 126
Event: 0.007 Loading shared library C:\Program Files\Java\jdk-13.0.2\lib\libjava.logging-coop.dll failed, error code 126
Event: 0.007 Loading shared library C:\Program Files\Java\jdk-13.0.2\lib\libjdk.compiler-coop.dll failed, error code 126
Event: 0.007 Loading shared library C:\Program Files\Java\jdk-13.0.2\lib\libjdk.scripting.nashorn-coop.dll failed, error code 126
Event: 0.007 Loading shared library C:\Program Files\Java\jdk-13.0.2\lib\libjdk.internal.vm.ci-coop.dll failed, error code 126
Event: 0.007 Loading shared library C:\Program Files\Java\jdk-13.0.2\lib\libjdk.internal.vm.compiler-coop.dll failed, error code 126


Dynamic libraries:
0x00007ff7de880000 - 0x00007ff7de88f000 	C:\Program Files\Java\jdk-13.0.2\bin\javaw.exe
0x00007ff8fc700000 - 0x00007ff8fc8f0000 	C:\Windows\SYSTEM32\ntdll.dll
0x00007ff8fba40000 - 0x00007ff8fbaf2000 	C:\Windows\System32\KERNEL32.DLL
0x00007ff8fa060000 - 0x00007ff8fa304000 	C:\Windows\System32\KERNELBASE.dll
0x00007ff8f96c0000 - 0x00007ff8f97ba000 	C:\Windows\System32\ucrtbase.dll
0x00007ff8e1880000 - 0x00007ff8e1898000 	C:\Program Files\Java\jdk-13.0.2\bin\jli.dll
0x00007ff8f3ea0000 - 0x00007ff8f3eb5000 	C:\Program Files\Java\jdk-13.0.2\bin\VCRUNTIME140.dll
0x00007ff8fb970000 - 0x00007ff8fba13000 	C:\Windows\System32\ADVAPI32.dll
0x00007ff8fbfa0000 - 0x00007ff8fc03e000 	C:\Windows\System32\msvcrt.dll
0x00007ff8fafb0000 - 0x00007ff8fb047000 	C:\Windows\System32\sechost.dll
0x00007ff8fb050000 - 0x00007ff8fb170000 	C:\Windows\System32\RPCRT4.dll
0x00007ff8fc520000 - 0x00007ff8fc6b4000 	C:\Windows\System32\USER32.dll
0x00007ff8e66f0000 - 0x00007ff8e6974000 	C:\Windows\WinSxS\amd64_microsoft.windows.common-controls_6595b64144ccf1df_6.0.18362.900_none_e6beb9d913147d17\COMCTL32.dll
0x00007ff8f9f90000 - 0x00007ff8f9fb1000 	C:\Windows\System32\win32u.dll
0x00007ff8fc040000 - 0x00007ff8fc375000 	C:\Windows\System32\combase.dll
0x00007ff8fa7b0000 - 0x00007ff8fa7d6000 	C:\Windows\System32\GDI32.dll
0x00007ff8fa390000 - 0x00007ff8fa525000 	C:\Windows\System32\gdi32full.dll
0x00007ff8fa730000 - 0x00007ff8fa7b0000 	C:\Windows\System32\bcryptPrimitives.dll
0x00007ff8f9fc0000 - 0x00007ff8fa05e000 	C:\Windows\System32\msvcp_win.dll
0x00007ff8f2f30000 - 0x00007ff8f2f3a000 	C:\Windows\SYSTEM32\VERSION.dll
0x00007ff8fb170000 - 0x00007ff8fb19e000 	C:\Windows\System32\IMM32.DLL
0x00007ff8dfb00000 - 0x00007ff8dfb9b000 	C:\Program Files\Java\jdk-13.0.2\bin\msvcp140.dll
0x00007ff8c9340000 - 0x00007ff8c9e9d000 	C:\Program Files\Java\jdk-13.0.2\bin\server\jvm.dll
0x00007ff8fba30000 - 0x00007ff8fba38000 	C:\Windows\System32\PSAPI.DLL
0x00007ff8f2630000 - 0x00007ff8f2639000 	C:\Windows\SYSTEM32\WSOCK32.dll
0x00007ff8f3c70000 - 0x00007ff8f3c94000 	C:\Windows\SYSTEM32\WINMM.dll
0x00007ff8fbeb0000 - 0x00007ff8fbf1f000 	C:\Windows\System32\WS2_32.dll
0x00007ff8f3c10000 - 0x00007ff8f3c3d000 	C:\Windows\SYSTEM32\WINMMBASE.dll
0x00007ff8f9f40000 - 0x00007ff8f9f8a000 	C:\Windows\System32\cfgmgr32.dll
0x00007ff8f9640000 - 0x00007ff8f9651000 	C:\Windows\System32\kernel.appcore.dll
0x00007ff8f2a80000 - 0x00007ff8f2a90000 	C:\Program Files\Java\jdk-13.0.2\bin\verify.dll
0x00007ff8f7e70000 - 0x00007ff8f8064000 	C:\Windows\SYSTEM32\DBGHELP.DLL
0x00007ff8e2360000 - 0x00007ff8e238a000 	C:\Windows\SYSTEM32\dbgcore.DLL
0x00007ff8f2a50000 - 0x00007ff8f2a76000 	C:\Program Files\Java\jdk-13.0.2\bin\java.dll
0x00007ff8f2a10000 - 0x00007ff8f2a27000 	C:\Program Files\Java\jdk-13.0.2\bin\zip.dll
0x00007ff8f2660000 - 0x00007ff8f266a000 	C:\Program Files\Java\jdk-13.0.2\bin\jimage.dll

dbghelp: loaded successfully - version: 4.0.5 - missing functions: none
symbol engine: initialized successfully - sym options: 0x614 - pdb path: .;C:\Program Files\Java\jdk-13.0.2\bin;C:\Windows\SYSTEM32;C:\Windows\WinSxS\amd64_microsoft.windows.common-controls_6595b64144ccf1df_6.0.18362.900_none_e6beb9d913147d17;C:\Program Files\Java\jdk-13.0.2\bin\server

VM Arguments:
jvm_args: -Dfile.encoding=Cp1252 
java_command: View.Trial
java_class_path (initial): D:\HS-M2\bin;C:\Users\hp\.p2\pool\plugins\org.junit.jupiter.api_5.6.0.v20200203-2009.jar;C:\Users\hp\.p2\pool\plugins\org.junit.jupiter.engine_5.6.0.v20200203-2009.jar;C:\Users\hp\.p2\pool\plugins\org.junit.jupiter.migrationsupport_5.6.0.v20200203-2009.jar;C:\Users\hp\.p2\pool\plugins\org.junit.jupiter.params_5.6.0.v20200203-2009.jar;C:\Users\hp\.p2\pool\plugins\org.junit.platform.commons_1.6.0.v20200203-2009.jar;C:\Users\hp\.p2\pool\plugins\org.junit.platform.engine_1.6.0.v20200203-2009.jar;C:\Users\hp\.p2\pool\plugins\org.junit.platform.launcher_1.6.0.v20200203-2009.jar;C:\Users\hp\.p2\pool\plugins\org.junit.platform.runner_1.6.0.v20200203-2009.jar;C:\Users\hp\.p2\pool\plugins\org.junit.platform.suite.api_1.6.0.v20200203-2009.jar;C:\Users\hp\.p2\pool\plugins\org.junit.vintage.engine_5.6.0.v20200203-2009.jar;C:\Users\hp\.p2\pool\plugins\org.opentest4j_1.2.0.v20190826-0900.jar;C:\Users\hp\.p2\pool\plugins\org.apiguardian_1.1.0.v20190826-0900.jar;C:\Users\hp\.p2\pool\plugins\org.junit_4.13.0.v20200204-1500.jar;C:\Users\hp\.p2\pool\plugins\org.hamcrest.core_1.3.0.v20180420-1519.jar
Launcher Type: SUN_STANDARD

[Global flags]
     intx CICompilerCount                          = 4                                         {product} {ergonomic}
     uint ConcGCThreads                            = 2                                         {product} {ergonomic}
     uint G1ConcRefinementThreads                  = 8                                         {product} {ergonomic}
   size_t G1HeapRegionSize                         = 1048576                                   {product} {ergonomic}
    uintx GCDrainStackTargetSize                   = 64                                        {product} {ergonomic}
   size_t InitialHeapSize                          = 199229440                                 {product} {ergonomic}
   size_t MarkStackSize                            = 4194304                                   {product} {ergonomic}
   size_t MaxHeapSize                              = 3179282432                                {product} {ergonomic}
   size_t MaxNewSize                               = 1907359744                                {product} {ergonomic}
   size_t MinHeapDeltaBytes                        = 1048576                                   {product} {ergonomic}
   size_t MinHeapSize                              = 8388608                                   {product} {ergonomic}
    uintx NonNMethodCodeHeapSize                   = 5839372                                {pd product} {ergonomic}
    uintx NonProfiledCodeHeapSize                  = 122909434                              {pd product} {ergonomic}
    uintx ProfiledCodeHeapSize                     = 122909434                              {pd product} {ergonomic}
    uintx ReservedCodeCacheSize                    = 251658240                              {pd product} {ergonomic}
     bool SegmentedCodeCache                       = true                                      {product} {ergonomic}
   size_t SoftMaxHeapSize                          = 3179282432                             {manageable} {ergonomic}
     bool UseCompressedClassPointers               = true                                 {lp64_product} {ergonomic}
     bool UseCompressedOops                        = true                                 {lp64_product} {ergonomic}
     bool UseG1GC                                  = true                                      {product} {ergonomic}
     bool UseLargePagesIndividualAllocation        = false                                  {pd product} {ergonomic}

Logging:
Log output configuration:
 #0: stdout all=warning uptime,level,tags
 #1: stderr all=off uptime,level,tags

Environment Variables:
PATH=C:/Program Files/Java/jdk-13.0.2/bin/server;C:/Program Files/Java/jdk-13.0.2/bin;C:\Program Files (x86)\Common Files\Oracle\Java\javapath;C:\Windows\system32;C:\Windows;C:\Windows\System32\Wbem;C:\Windows\System32\WindowsPowerShell\v1.0\;C:\Windows\System32\OpenSSH\;C:\Users\hp\AppData\Local\Microsoft\WindowsApps;;C:\Users\hp\Desktop;
USERNAME=hp
OS=Windows_NT
PROCESSOR_IDENTIFIER=Intel64 Family 6 Model 142 Stepping 10, GenuineIntel



---------------  S Y S T E M  ---------------

OS: Windows 10 , 64 bit Build 18362 (10.0.18362.900)

CPU:total 8 (initial active 8) (4 cores per cpu, 2 threads per core) family 6 model 142 stepping 10, cmov, cx8, fxsr, mmx, sse, sse2, sse3, ssse3, sse4.1, sse4.2, popcnt, avx, avx2, aes, clmul, erms, 3dnowpref, lzcnt, ht, tsc, tscinvbit, bmi1, bmi2, adx, fma

Memory: 4k page, system-wide physical 12122M (5040M free)
TotalPageFile size 27304M (AvailPageFile size 3M)
current process WorkingSet (physical memory assigned to process): 12M, peak: 12M
current process commit charge ("private bytes"): 259M, peak: 259M

vm_info: Java HotSpot(TM) 64-Bit Server VM (13.0.2+8) for windows-amd64 JRE (13.0.2+8), built on Dec 11 2019 09:20:33 by "mach5one" with unknown MS VC++:1916

END.
