#
# There is insufficient memory for the Java Runtime Environment to continue.
# Native memory allocation (mmap) failed to map 199229440 bytes for Failed to commit area from 0x0000000742800000 to 0x000000074e600000 of length 199229440.
# Possible reasons:
#   The system is out of physical RAM or swap space
#   The process is running with CompressedOops enabled, and the Java Heap may be blocking the growth of the native heap
# Possible solutions:
#   Reduce memory load on the system
#   Increase physical memory or swap space
#   Check if swap backing store is full
#   Decrease Java heap size (-Xmx/-Xms)
#   Decrease number of Java threads
#   Decrease Java thread stack sizes (-Xss)
#   Set larger code cache with -XX:ReservedCodeCacheSize=
# This output file may be truncated or incomplete.
#
#  Out of Memory Error (t:/workspace/open/src/hotspot/os/windows/os_windows.cpp:3301), pid=20520, tid=20576
#
# JRE version:  (13.0.2+8) (build )
# Java VM: Java HotSpot(TM) 64-Bit Server VM (13.0.2+8, mixed mode, aot, sharing, tiered, compressed oops, g1 gc, windows-amd64)
# No core dump will be written. Minidumps are not enabled by default on client versions of Windows
#

---------------  S U M M A R Y ------------

Command Line: -Dfile.encoding=Cp1252 View.Trial

Host: Intel(R) Core(TM) i7-8550U CPU @ 1.80GHz, 8 cores, 11G,  Windows 10 , 64 bit Build 18362 (10.0.18362.900)
Time: Thu Jun 25 18:34:20 2020 Egypt Standard Time elapsed time: 0 seconds (0d 0h 0m 0s)

---------------  T H R E A D  ---------------

Current thread (0x00000222257fe800):  JavaThread "Unknown thread" [_thread_in_vm, id=20576, stack(0x000000638f300000,0x000000638f400000)]

Stack: [0x000000638f300000,0x000000638f400000]
Native frames: (J=compiled Java code, j=interpreted, Vv=VM code, C=native code)
V  [jvm.dll+0x624f9a]
V  [jvm.dll+0x770cfa]
V  [jvm.dll+0x7724af]
V  [jvm.dll+0x772ab3]
V  [jvm.dll+0x24bf08]
V  [jvm.dll+0x6222aa]
V  [jvm.dll+0x6170b5]
V  [jvm.dll+0x30a88c]
V  [jvm.dll+0x30a6c2]
V  [jvm.dll+0x30fe36]
V  [jvm.dll+0x353f46]
V  [jvm.dll+0x353720]
V  [jvm.dll+0x2e550a]
V  [jvm.dll+0x2e67a2]
V  [jvm.dll+0x74dd78]
V  [jvm.dll+0x361989]
V  [jvm.dll+0x730e65]
V  [jvm.dll+0x3cc53f]
V  [jvm.dll+0x3ce861]
C  [jli.dll+0x51ff]
C  [ucrtbase.dll+0x20e82]
C  [KERNEL32.DLL+0x17bd4]
C  [ntdll.dll+0x6ce51]


---------------  P R O C E S S  ---------------

Threads class SMR info:
_java_thread_list=0x00007ff8c9dfccb8, length=0, elements={
}

Java Threads: ( => current thread )

Other Threads:
  0x0000022225856000 GCTaskThread "GC Thread#0" [stack: 0x000000638f400000,0x000000638f500000] [id=11644]
  0x000002222586f800 ConcurrentGCThread "G1 Main Marker" [stack: 0x000000638f500000,0x000000638f600000] [id=11812]
  0x0000022225871000 ConcurrentGCThread "G1 Conc#0" [stack: 0x000000638f600000,0x000000638f700000] [id=19892]

[error occurred during error reporting (printing all threads), id 0xc0000005, EXCEPTION_ACCESS_VIOLATION (0xc0000005) at pc=0x00007ff8c96351d7]

VM state:not at safepoint (not fully initialized)

VM Mutex/Monitor currently owned by a thread:  ([mutex/lock_event])
[0x00000222257fc590] Heap_lock - owner thread: 0x00000222257fe800

Heap address: 0x0000000742800000, size: 3032 MB, Compressed Oops mode: Non-zero based: 0x0000000742800000
Narrow klass base: 0x0000000000000000, Narrow klass shift: 0

GC Heap History (0 events):
No events

Deoptimization events (0 events):
No events

Classes unloaded (0 events):
No events

Classes redefined (0 events):
No events

Internal exceptions (0 events):
No events

Events (8 events):
Event: 0.005 Loaded shared library C:\Program Files\Java\jdk-13.0.2\bin\zip.dll
Event: 0.006 Loaded shared library C:\Program Files\Java\jdk-13.0.2\bin\jimage.dll
Event: 0.006 Loading shared library C:\Program Files\Java\jdk-13.0.2\lib\libjava.base-coop.dll failed, error code 126
Event: 0.006 Loading shared library C:\Program Files\Java\jdk-13.0.2\lib\libjava.logging-coop.dll failed, error code 126
Event: 0.006 Loading shared library C:\Program Files\Java\jdk-13.0.2\lib\libjdk.compiler-coop.dll failed, error code 126
Event: 0.006 Loading shared library C:\Program Files\Java\jdk-13.0.2\lib\libjdk.scripting.nashorn-coop.dll failed, error code 126
Event: 0.006 Loading shared library C:\Program Files\Java\jdk-13.0.2\lib\libjdk.internal.vm.ci-coop.dll failed, error code 126
Event: 0.007 Loading shared library C:\Program Files\Java\jdk-13.0.2\lib\libjdk.internal.vm.compiler-coop.dll failed, error code 126


Dynamic libraries:
0x00007ff7de880000 - 0x00007ff7de88f000 	C:\Program Files\Java\jdk-13.0.2\bin\javaw.exe
0x00007ff8fc700000 - 0x00007ff8fc8f0000 	C:\Windows\SYSTEM32\ntdll.dll
0x00007ff8fba40000 - 0x00007ff8fbaf2000 	C:\Windows\System32\KERNEL32.DLL
0x00007ff8fa060000 - 0x00007ff8fa304000 	C:\Windows\System32\KERNELBASE.dll
0x00007ff8f96c0000 - 0x00007ff8f97ba000 	C:\Windows\System32\ucrtbase.dll
0x00007ff8e1880000 - 0x00007ff8e1898000 	C:\Program Files\Java\jdk-13.0.2\bin\jli.dll
0x00007ff8f3ea0000 - 0x00007ff8f3eb5000 	C:\Program Files\Java\jdk-13.0.2\bin\VCRUNTIME140.dll
0x00007ff8fb970000 - 0x00007ff8fba13000 	C:\Windows\System32\ADVAPI32.dll
0x00007ff8fbfa0000 - 0x00007ff8fc03e000 	C:\Windows\System32\msvcrt.dll
0x00007ff8fafb0000 - 0x00007ff8fb047000 	C:\Windows\System32\sechost.dll
0x00007ff8fb050000 - 0x00007ff8fb170000 	C:\Windows\System32\RPCRT4.dll
0x00007ff8fc520000 - 0x00007ff8fc6b4000 	C:\Windows\System32\USER32.dll
0x00007ff8e66f0000 - 0x00007ff8e6974000 	C:\Windows\WinSxS\amd64_microsoft.windows.common-controls_6595b64144ccf1df_6.0.18362.900_none_e6beb9d913147d17\COMCTL32.dll
0x00007ff8f9f90000 - 0x00007ff8f9fb1000 	C:\Windows\System32\win32u.dll
0x00007ff8fa7b0000 - 0x00007ff8fa7d6000 	C:\Windows\System32\GDI32.dll
0x00007ff8fc040000 - 0x00007ff8fc375000 	C:\Windows\System32\combase.dll
0x00007ff8fa390000 - 0x00007ff8fa525000 	C:\Windows\System32\gdi32full.dll
0x00007ff8fa730000 - 0x00007ff8fa7b0000 	C:\Windows\System32\bcryptPrimitives.dll
0x00007ff8f9fc0000 - 0x00007ff8fa05e000 	C:\Windows\System32\msvcp_win.dll
0x00007ff8f2f30000 - 0x00007ff8f2f3a000 	C:\Windows\SYSTEM32\VERSION.dll
0x00007ff8fb170000 - 0x00007ff8fb19e000 	C:\Windows\System32\IMM32.DLL
0x00007ff8dfb00000 - 0x00007ff8dfb9b000 	C:\Program Files\Java\jdk-13.0.2\bin\msvcp140.dll
0x00007ff8c9340000 - 0x00007ff8c9e9d000 	C:\Program Files\Java\jdk-13.0.2\bin\server\jvm.dll
0x00007ff8fba30000 - 0x00007ff8fba38000 	C:\Windows\System32\PSAPI.DLL
0x00007ff8f2630000 - 0x00007ff8f2639000 	C:\Windows\SYSTEM32\WSOCK32.dll
0x00007ff8f3c70000 - 0x00007ff8f3c94000 	C:\Windows\SYSTEM32\WINMM.dll
0x00007ff8fbeb0000 - 0x00007ff8fbf1f000 	C:\Windows\System32\WS2_32.dll
0x00007ff8f3c10000 - 0x00007ff8f3c3d000 	C:\Windows\SYSTEM32\winmmbase.dll
0x00007ff8f9f40000 - 0x00007ff8f9f8a000 	C:\Windows\System32\cfgmgr32.dll
0x00007ff8f9640000 - 0x00007ff8f9651000 	C:\Windows\System32\kernel.appcore.dll
0x00007ff8f2a80000 - 0x00007ff8f2a90000 	C:\Program Files\Java\jdk-13.0.2\bin\verify.dll
0x00007ff8f7e70000 - 0x00007ff8f8064000 	C:\Windows\SYSTEM32\DBGHELP.DLL
0x00007ff8e2360000 - 0x00007ff8e238a000 	C:\Windows\SYSTEM32\dbgcore.DLL
0x00007ff8f2a50000 - 0x00007ff8f2a76000 	C:\Program Files\Java\jdk-13.0.2\bin\java.dll
0x00007ff8f2a10000 - 0x00007ff8f2a27000 	C:\Program Files\Java\jdk-13.0.2\bin\zip.dll
0x00007ff8f2660000 - 0x00007ff8f266a000 	C:\Program Files\Java\jdk-13.0.2\bin\jimage.dll

dbghelp: loaded successfully - version: 4.0.5 - missing functions: none
symbol engine: initialized successfully - sym options: 0x614 - pdb path: .;C:\Program Files\Java\jdk-13.0.2\bin;C:\Windows\SYSTEM32;C:\Windows\WinSxS\amd64_microsoft.windows.common-controls_6595b64144ccf1df_6.0.18362.900_none_e6beb9d913147d17;C:\Program Files\Java\jdk-13.0.2\bin\server

VM Arguments:
jvm_args: -Dfile.encoding=Cp1252 
java_command: View.Trial
java_class_path (initial): D:\HS-M2\bin;C:\Users\hp\.p2\pool\plugins\org.junit.jupiter.api_5.6.0.v20200203-2009.jar;C:\Users\hp\.p2\pool\plugins\org.junit.jupiter.engine_5.6.0.v20200203-2009.jar;C:\Users\hp\.p2\pool\plugins\org.junit.jupiter.migrationsupport_5.6.0.v20200203-2009.jar;C:\Users\hp\.p2\pool\plugins\org.junit.jupiter.params_5.6.0.v20200203-2009.jar;C:\Users\hp\.p2\pool\plugins\org.junit.platform.commons_1.6.0.v20200203-2009.jar;C:\Users\hp\.p2\pool\plugins\org.junit.platform.engine_1.6.0.v20200203-2009.jar;C:\Users\hp\.p2\pool\plugins\org.junit.platform.launcher_1.6.0.v20200203-2009.jar;C:\Users\hp\.p2\pool\plugins\org.junit.platform.runner_1.6.0.v20200203-2009.jar;C:\Users\hp\.p2\pool\plugins\org.junit.platform.suite.api_1.6.0.v20200203-2009.jar;C:\Users\hp\.p2\pool\plugins\org.junit.vintage.engine_5.6.0.v20200203-2009.jar;C:\Users\hp\.p2\pool\plugins\org.opentest4j_1.2.0.v20190826-0900.jar;C:\Users\hp\.p2\pool\plugins\org.apiguardian_1.1.0.v20190826-0900.jar;C:\Users\hp\.p2\pool\plugins\org.junit_4.13.0.v20200204-1500.jar;C:\Users\hp\.p2\pool\plugins\org.hamcrest.core_1.3.0.v20180420-1519.jar
Launcher Type: SUN_STANDARD

[Global flags]
     intx CICompilerCount                          = 4                                         {product} {ergonomic}
     uint ConcGCThreads                            = 2                                         {product} {ergonomic}
     uint G1ConcRefinementThreads                  = 8                                         {product} {ergonomic}
   size_t G1HeapRegionSize                         = 1048576                                   {product} {ergonomic}
    uintx GCDrainStackTargetSize                   = 64                                        {product} {ergonomic}
   size_t InitialHeapSize                          = 199229440                                 {product} {ergonomic}
   size_t MarkStackSize                            = 4194304                                   {product} {ergonomic}
   size_t MaxHeapSize                              = 3179282432                                {product} {ergonomic}
   size_t MinHeapDeltaBytes                        = 1048576                                   {product} {ergonomic}
   size_t MinHeapSize                              = 8388608                                   {product} {ergonomic}
    uintx NonNMethodCodeHeapSize                   = 5839372                                {pd product} {ergonomic}
    uintx NonProfiledCodeHeapSize                  = 122909434                              {pd product} {ergonomic}
    uintx ProfiledCodeHeapSize                     = 122909434                              {pd product} {ergonomic}
    uintx ReservedCodeCacheSize                    = 251658240                              {pd product} {ergonomic}
     bool SegmentedCodeCache                       = true                                      {product} {ergonomic}
   size_t SoftMaxHeapSize                          = 3179282432                             {manageable} {ergonomic}
     bool UseCompressedClassPointers               = true                                 {lp64_product} {ergonomic}
     bool UseCompressedOops                        = true                                 {lp64_product} {ergonomic}
     bool UseG1GC                                  = true                                      {product} {ergonomic}
     bool UseLargePagesIndividualAllocation        = false                                  {pd product} {ergonomic}

Logging:
Log output configuration:
 #0: stdout all=warning uptime,level,tags
 #1: stderr all=off uptime,level,tags

Environment Variables:
PATH=C:/Program Files/Java/jdk-13.0.2/bin/server;C:/Program Files/Java/jdk-13.0.2/bin;C:\Program Files (x86)\Common Files\Oracle\Java\javapath;C:\Windows\system32;C:\Windows;C:\Windows\System32\Wbem;C:\Windows\System32\WindowsPowerShell\v1.0\;C:\Windows\System32\OpenSSH\;C:\Users\hp\AppData\Local\Microsoft\WindowsApps;;C:\Users\hp\Desktop;
USERNAME=hp
OS=Windows_NT
PROCESSOR_IDENTIFIER=Intel64 Family 6 Model 142 Stepping 10, GenuineIntel



---------------  S Y S T E M  ---------------

OS: Windows 10 , 64 bit Build 18362 (10.0.18362.900)

CPU:total 8 (initial active 8) (4 cores per cpu, 2 threads per core) family 6 model 142 stepping 10, cmov, cx8, fxsr, mmx, sse, sse2, sse3, ssse3, sse4.1, sse4.2, popcnt, avx, avx2, aes, clmul, erms, 3dnowpref, lzcnt, ht, tsc, tscinvbit, bmi1, bmi2, adx, fma

Memory: 4k page, system-wide physical 12122M (5093M free)
TotalPageFile size 27304M (AvailPageFile size 90M)
current process WorkingSet (physical memory assigned to process): 10M, peak: 10M
current process commit charge ("private bytes"): 60M, peak: 250M

vm_info: Java HotSpot(TM) 64-Bit Server VM (13.0.2+8) for windows-amd64 JRE (13.0.2+8), built on Dec 11 2019 09:20:33 by "mach5one" with unknown MS VC++:1916

END.
